Job ID: 4078
Node: DGX
Wed Feb 18 09:57:19 CET 2026
trainable params: 40,370,176 || all params: 7,655,986,688 || trainable%: 0.5273
{'loss': 0.7712, 'grad_norm': 0.43650713562965393, 'learning_rate': 0.00019948299319727894, 'epoch': 0.0}
{'loss': 0.393, 'grad_norm': 0.29152992367744446, 'learning_rate': 0.0001989387755102041, 'epoch': 0.01}
{'loss': 0.3957, 'grad_norm': 0.22699908912181854, 'learning_rate': 0.00019839455782312925, 'epoch': 0.01}
{'loss': 0.3953, 'grad_norm': 0.16443495452404022, 'learning_rate': 0.00019785034013605442, 'epoch': 0.01}
{'loss': 0.3767, 'grad_norm': 0.19720467925071716, 'learning_rate': 0.0001973061224489796, 'epoch': 0.01}
{'loss': 0.348, 'grad_norm': 0.22692666947841644, 'learning_rate': 0.00019676190476190477, 'epoch': 0.02}
{'loss': 0.34, 'grad_norm': 0.22222815454006195, 'learning_rate': 0.00019621768707482994, 'epoch': 0.02}
{'loss': 0.3233, 'grad_norm': 0.23763202130794525, 'learning_rate': 0.0001956734693877551, 'epoch': 0.02}
{'loss': 0.304, 'grad_norm': 0.4600940942764282, 'learning_rate': 0.00019512925170068029, 'epoch': 0.02}
{'loss': 0.2947, 'grad_norm': 0.3776683211326599, 'learning_rate': 0.00019458503401360546, 'epoch': 0.03}
{'loss': 0.2763, 'grad_norm': 0.426159530878067, 'learning_rate': 0.00019404081632653063, 'epoch': 0.03}
{'loss': 0.2699, 'grad_norm': 0.35103222727775574, 'learning_rate': 0.0001934965986394558, 'epoch': 0.03}
{'loss': 0.291, 'grad_norm': 0.2721329927444458, 'learning_rate': 0.00019295238095238095, 'epoch': 0.04}
{'loss': 0.2975, 'grad_norm': 0.4264826476573944, 'learning_rate': 0.00019240816326530612, 'epoch': 0.04}
{'loss': 0.2611, 'grad_norm': 0.2285829484462738, 'learning_rate': 0.00019186394557823132, 'epoch': 0.04}
{'loss': 0.2199, 'grad_norm': 0.28800395131111145, 'learning_rate': 0.00019131972789115646, 'epoch': 0.04}
{'loss': 0.2669, 'grad_norm': 0.2943550944328308, 'learning_rate': 0.00019077551020408164, 'epoch': 0.05}
{'loss': 0.2465, 'grad_norm': 0.4237937331199646, 'learning_rate': 0.0001902312925170068, 'epoch': 0.05}
{'loss': 0.2454, 'grad_norm': 0.20602892339229584, 'learning_rate': 0.00018968707482993198, 'epoch': 0.05}
{'loss': 0.2435, 'grad_norm': 0.2654809057712555, 'learning_rate': 0.00018914285714285715, 'epoch': 0.05}
{'loss': 0.2529, 'grad_norm': 0.2993161976337433, 'learning_rate': 0.00018859863945578232, 'epoch': 0.06}
{'loss': 0.2385, 'grad_norm': 0.2894621193408966, 'learning_rate': 0.0001880544217687075, 'epoch': 0.06}
{'loss': 0.2389, 'grad_norm': 0.3614240288734436, 'learning_rate': 0.00018751020408163267, 'epoch': 0.06}
{'loss': 0.2352, 'grad_norm': 0.21176762878894806, 'learning_rate': 0.0001869659863945578, 'epoch': 0.07}
{'loss': 0.2462, 'grad_norm': 0.2786931097507477, 'learning_rate': 0.000186421768707483, 'epoch': 0.07}
{'eval_loss': 0.27921363711357117, 'eval_runtime': 94.0872, 'eval_samples_per_second': 12.754, 'eval_steps_per_second': 12.754, 'epoch': 0.07}
{'loss': 0.227, 'grad_norm': 0.2903348505496979, 'learning_rate': 0.00018587755102040818, 'epoch': 0.07}
{'loss': 0.2131, 'grad_norm': 0.24748273193836212, 'learning_rate': 0.00018533333333333333, 'epoch': 0.07}
{'loss': 0.241, 'grad_norm': 0.24078582227230072, 'learning_rate': 0.0001847891156462585, 'epoch': 0.08}
{'loss': 0.2267, 'grad_norm': 0.2252081334590912, 'learning_rate': 0.0001842448979591837, 'epoch': 0.08}
{'loss': 0.2185, 'grad_norm': 0.23139873147010803, 'learning_rate': 0.00018370068027210885, 'epoch': 0.08}
{'loss': 0.21, 'grad_norm': 0.2284127175807953, 'learning_rate': 0.00018315646258503402, 'epoch': 0.08}
{'loss': 0.2232, 'grad_norm': 0.3801994025707245, 'learning_rate': 0.0001826122448979592, 'epoch': 0.09}
{'loss': 0.2043, 'grad_norm': 0.26543670892715454, 'learning_rate': 0.00018206802721088436, 'epoch': 0.09}
{'loss': 0.1985, 'grad_norm': 0.1565847098827362, 'learning_rate': 0.00018152380952380953, 'epoch': 0.09}
{'loss': 0.2179, 'grad_norm': 0.22959119081497192, 'learning_rate': 0.0001809795918367347, 'epoch': 0.1}
{'loss': 0.1956, 'grad_norm': 0.3023666739463806, 'learning_rate': 0.00018043537414965988, 'epoch': 0.1}
{'loss': 0.2038, 'grad_norm': 0.1970038264989853, 'learning_rate': 0.00017989115646258505, 'epoch': 0.1}
{'loss': 0.2259, 'grad_norm': 0.2587048411369324, 'learning_rate': 0.0001793469387755102, 'epoch': 0.1}
{'loss': 0.2043, 'grad_norm': 0.3012697398662567, 'learning_rate': 0.0001788027210884354, 'epoch': 0.11}
{'loss': 0.2035, 'grad_norm': 0.2741178870201111, 'learning_rate': 0.00017825850340136054, 'epoch': 0.11}
{'loss': 0.183, 'grad_norm': 0.30162906646728516, 'learning_rate': 0.0001777142857142857, 'epoch': 0.11}
{'loss': 0.1977, 'grad_norm': 0.19477565586566925, 'learning_rate': 0.0001771700680272109, 'epoch': 0.11}
{'loss': 0.2041, 'grad_norm': 0.24241957068443298, 'learning_rate': 0.00017662585034013606, 'epoch': 0.12}
{'loss': 0.1775, 'grad_norm': 0.3035680651664734, 'learning_rate': 0.00017608163265306123, 'epoch': 0.12}
{'loss': 0.2008, 'grad_norm': 0.3332451581954956, 'learning_rate': 0.0001755374149659864, 'epoch': 0.12}
{'loss': 0.2177, 'grad_norm': 0.6823016405105591, 'learning_rate': 0.00017499319727891157, 'epoch': 0.13}
{'loss': 0.1936, 'grad_norm': 0.18403173983097076, 'learning_rate': 0.00017444897959183675, 'epoch': 0.13}
{'loss': 0.2049, 'grad_norm': 0.2575736343860626, 'learning_rate': 0.0001739047619047619, 'epoch': 0.13}
{'loss': 0.198, 'grad_norm': 0.1629561334848404, 'learning_rate': 0.0001733605442176871, 'epoch': 0.13}
{'loss': 0.1867, 'grad_norm': 0.2508528232574463, 'learning_rate': 0.00017281632653061226, 'epoch': 0.14}
{'eval_loss': 0.23649568855762482, 'eval_runtime': 93.95, 'eval_samples_per_second': 12.773, 'eval_steps_per_second': 12.773, 'epoch': 0.14}
{'loss': 0.1719, 'grad_norm': 0.20327074825763702, 'learning_rate': 0.0001722721088435374, 'epoch': 0.14}
{'loss': 0.211, 'grad_norm': 0.4206460118293762, 'learning_rate': 0.0001717278911564626, 'epoch': 0.14}
{'loss': 0.1737, 'grad_norm': 0.21579629182815552, 'learning_rate': 0.00017118367346938778, 'epoch': 0.14}
{'loss': 0.1947, 'grad_norm': 0.31032606959342957, 'learning_rate': 0.00017063945578231292, 'epoch': 0.15}
{'loss': 0.1943, 'grad_norm': 0.33622556924819946, 'learning_rate': 0.0001700952380952381, 'epoch': 0.15}
{'loss': 0.1967, 'grad_norm': 0.13613657653331757, 'learning_rate': 0.00016955102040816327, 'epoch': 0.15}
{'loss': 0.1805, 'grad_norm': 0.13850009441375732, 'learning_rate': 0.00016900680272108844, 'epoch': 0.16}
{'loss': 0.2185, 'grad_norm': 0.1851930320262909, 'learning_rate': 0.0001684625850340136, 'epoch': 0.16}
{'loss': 0.1843, 'grad_norm': 0.267048716545105, 'learning_rate': 0.00016791836734693878, 'epoch': 0.16}
{'loss': 0.1999, 'grad_norm': 0.16775763034820557, 'learning_rate': 0.00016737414965986396, 'epoch': 0.16}
{'loss': 0.1905, 'grad_norm': 0.24147775769233704, 'learning_rate': 0.00016682993197278913, 'epoch': 0.17}
{'loss': 0.1823, 'grad_norm': 0.15610253810882568, 'learning_rate': 0.0001662857142857143, 'epoch': 0.17}
{'loss': 0.1847, 'grad_norm': 0.21805647015571594, 'learning_rate': 0.00016574149659863947, 'epoch': 0.17}
{'loss': 0.1775, 'grad_norm': 0.11547290533781052, 'learning_rate': 0.00016519727891156462, 'epoch': 0.17}
{'loss': 0.1942, 'grad_norm': 0.17437627911567688, 'learning_rate': 0.0001646530612244898, 'epoch': 0.18}
{'loss': 0.2067, 'grad_norm': 0.22723345458507538, 'learning_rate': 0.000164108843537415, 'epoch': 0.18}
{'loss': 0.2069, 'grad_norm': 0.16408756375312805, 'learning_rate': 0.00016356462585034013, 'epoch': 0.18}
{'loss': 0.1712, 'grad_norm': 0.1378563940525055, 'learning_rate': 0.0001630204081632653, 'epoch': 0.19}
{'loss': 0.171, 'grad_norm': 0.12985891103744507, 'learning_rate': 0.0001624761904761905, 'epoch': 0.19}
{'loss': 0.1774, 'grad_norm': 0.11208391934633255, 'learning_rate': 0.00016193197278911565, 'epoch': 0.19}
{'loss': 0.1829, 'grad_norm': 0.17689552903175354, 'learning_rate': 0.00016138775510204082, 'epoch': 0.19}
{'loss': 0.1857, 'grad_norm': 0.16896705329418182, 'learning_rate': 0.000160843537414966, 'epoch': 0.2}
{'loss': 0.207, 'grad_norm': 0.1706354171037674, 'learning_rate': 0.00016029931972789117, 'epoch': 0.2}
{'loss': 0.1926, 'grad_norm': 0.19988198578357697, 'learning_rate': 0.00015975510204081634, 'epoch': 0.2}
{'loss': 0.2008, 'grad_norm': 0.16246508061885834, 'learning_rate': 0.00015921088435374148, 'epoch': 0.2}
{'eval_loss': 0.21863995492458344, 'eval_runtime': 94.2694, 'eval_samples_per_second': 12.729, 'eval_steps_per_second': 12.729, 'epoch': 0.2}
{'loss': 0.1489, 'grad_norm': 0.14295393228530884, 'learning_rate': 0.00015866666666666668, 'epoch': 0.21}
{'loss': 0.1903, 'grad_norm': 0.1560773253440857, 'learning_rate': 0.00015812244897959186, 'epoch': 0.21}
{'loss': 0.1739, 'grad_norm': 0.1671752631664276, 'learning_rate': 0.000157578231292517, 'epoch': 0.21}
{'loss': 0.1667, 'grad_norm': 0.2893286347389221, 'learning_rate': 0.0001570340136054422, 'epoch': 0.21}
{'loss': 0.1883, 'grad_norm': 0.09191857278347015, 'learning_rate': 0.00015648979591836734, 'epoch': 0.22}
{'loss': 0.2034, 'grad_norm': 0.13233382999897003, 'learning_rate': 0.00015594557823129252, 'epoch': 0.22}
{'loss': 0.1533, 'grad_norm': 0.10980921983718872, 'learning_rate': 0.0001554013605442177, 'epoch': 0.22}
{'loss': 0.1671, 'grad_norm': 0.13501735031604767, 'learning_rate': 0.00015485714285714286, 'epoch': 0.23}
{'loss': 0.163, 'grad_norm': 0.13667979836463928, 'learning_rate': 0.00015431292517006803, 'epoch': 0.23}
{'loss': 0.1859, 'grad_norm': 0.26888376474380493, 'learning_rate': 0.0001537687074829932, 'epoch': 0.23}
{'loss': 0.1883, 'grad_norm': 0.1199047639966011, 'learning_rate': 0.00015322448979591838, 'epoch': 0.23}
{'loss': 0.1937, 'grad_norm': 0.14496555924415588, 'learning_rate': 0.00015268027210884355, 'epoch': 0.24}
{'loss': 0.1662, 'grad_norm': 0.12390708178281784, 'learning_rate': 0.00015213605442176872, 'epoch': 0.24}
{'loss': 0.1562, 'grad_norm': 0.10662467777729034, 'learning_rate': 0.0001515918367346939, 'epoch': 0.24}
{'loss': 0.1916, 'grad_norm': 0.20428000390529633, 'learning_rate': 0.00015104761904761907, 'epoch': 0.24}
{'loss': 0.1741, 'grad_norm': 0.17322219908237457, 'learning_rate': 0.0001505034013605442, 'epoch': 0.25}
{'loss': 0.1826, 'grad_norm': 0.1264917254447937, 'learning_rate': 0.00014995918367346938, 'epoch': 0.25}
{'loss': 0.1831, 'grad_norm': 0.12576617300510406, 'learning_rate': 0.00014941496598639458, 'epoch': 0.25}
{'loss': 0.178, 'grad_norm': 0.17067565023899078, 'learning_rate': 0.00014887074829931973, 'epoch': 0.26}
{'loss': 0.1627, 'grad_norm': 0.12775808572769165, 'learning_rate': 0.0001483265306122449, 'epoch': 0.26}
{'loss': 0.1836, 'grad_norm': 0.17188988626003265, 'learning_rate': 0.00014778231292517007, 'epoch': 0.26}
{'loss': 0.1704, 'grad_norm': 0.2057751715183258, 'learning_rate': 0.00014723809523809524, 'epoch': 0.26}
{'loss': 0.1879, 'grad_norm': 0.08916640281677246, 'learning_rate': 0.00014669387755102042, 'epoch': 0.27}
{'loss': 0.1857, 'grad_norm': 0.10921972990036011, 'learning_rate': 0.0001461496598639456, 'epoch': 0.27}
{'loss': 0.1569, 'grad_norm': 0.21118153631687164, 'learning_rate': 0.00014560544217687076, 'epoch': 0.27}
{'eval_loss': 0.21400421857833862, 'eval_runtime': 94.2589, 'eval_samples_per_second': 12.731, 'eval_steps_per_second': 12.731, 'epoch': 0.27}
{'loss': 0.1809, 'grad_norm': 0.11404014378786087, 'learning_rate': 0.00014506122448979593, 'epoch': 0.27}
{'loss': 0.1773, 'grad_norm': 0.16805675625801086, 'learning_rate': 0.00014451700680272108, 'epoch': 0.28}
{'loss': 0.1813, 'grad_norm': 0.10983441025018692, 'learning_rate': 0.00014397278911564628, 'epoch': 0.28}
{'loss': 0.1749, 'grad_norm': 0.4451628625392914, 'learning_rate': 0.00014342857142857145, 'epoch': 0.28}
{'loss': 0.1757, 'grad_norm': 0.16664628684520721, 'learning_rate': 0.0001428843537414966, 'epoch': 0.29}
{'loss': 0.1744, 'grad_norm': 0.31735125184059143, 'learning_rate': 0.00014234013605442177, 'epoch': 0.29}
{'loss': 0.1607, 'grad_norm': 0.17200417816638947, 'learning_rate': 0.00014179591836734694, 'epoch': 0.29}
{'loss': 0.1762, 'grad_norm': 0.10814432799816132, 'learning_rate': 0.0001412517006802721, 'epoch': 0.29}
{'loss': 0.1685, 'grad_norm': 0.12588663399219513, 'learning_rate': 0.00014070748299319728, 'epoch': 0.3}
{'loss': 0.1758, 'grad_norm': 0.12131354212760925, 'learning_rate': 0.00014016326530612246, 'epoch': 0.3}
{'loss': 0.169, 'grad_norm': 0.12820295989513397, 'learning_rate': 0.00013961904761904763, 'epoch': 0.3}
{'loss': 0.1594, 'grad_norm': 0.14030154049396515, 'learning_rate': 0.0001390748299319728, 'epoch': 0.3}
{'loss': 0.1918, 'grad_norm': 0.19758327305316925, 'learning_rate': 0.00013853061224489797, 'epoch': 0.31}
{'loss': 0.1598, 'grad_norm': 0.19890785217285156, 'learning_rate': 0.00013798639455782314, 'epoch': 0.31}
{'loss': 0.1684, 'grad_norm': 0.12480282038450241, 'learning_rate': 0.0001374421768707483, 'epoch': 0.31}
{'loss': 0.2051, 'grad_norm': 0.13716283440589905, 'learning_rate': 0.00013689795918367346, 'epoch': 0.32}
{'loss': 0.1898, 'grad_norm': 0.17961764335632324, 'learning_rate': 0.00013635374149659866, 'epoch': 0.32}
{'loss': 0.1799, 'grad_norm': 0.12924857437610626, 'learning_rate': 0.0001358095238095238, 'epoch': 0.32}
{'loss': 0.1777, 'grad_norm': 0.1170077919960022, 'learning_rate': 0.00013526530612244898, 'epoch': 0.32}
{'loss': 0.1719, 'grad_norm': 0.19509755074977875, 'learning_rate': 0.00013472108843537418, 'epoch': 0.33}
{'loss': 0.1699, 'grad_norm': 0.09917950630187988, 'learning_rate': 0.00013417687074829932, 'epoch': 0.33}
{'loss': 0.1828, 'grad_norm': 0.1385377198457718, 'learning_rate': 0.0001336326530612245, 'epoch': 0.33}
{'loss': 0.1643, 'grad_norm': 0.11147762089967728, 'learning_rate': 0.00013308843537414967, 'epoch': 0.33}
{'loss': 0.1587, 'grad_norm': 0.12034198641777039, 'learning_rate': 0.00013254421768707484, 'epoch': 0.34}
{'loss': 0.1896, 'grad_norm': 0.1833338886499405, 'learning_rate': 0.000132, 'epoch': 0.34}
{'eval_loss': 0.2074679583311081, 'eval_runtime': 94.2151, 'eval_samples_per_second': 12.737, 'eval_steps_per_second': 12.737, 'epoch': 0.34}
{'loss': 0.1588, 'grad_norm': 0.1226143017411232, 'learning_rate': 0.00013145578231292516, 'epoch': 0.34}
{'loss': 0.1731, 'grad_norm': 0.46200665831565857, 'learning_rate': 0.00013091156462585035, 'epoch': 0.35}
{'loss': 0.1733, 'grad_norm': 0.10824321210384369, 'learning_rate': 0.00013036734693877553, 'epoch': 0.35}
{'loss': 0.1444, 'grad_norm': 0.11208701133728027, 'learning_rate': 0.00012982312925170067, 'epoch': 0.35}
{'loss': 0.1588, 'grad_norm': 0.12790189683437347, 'learning_rate': 0.00012927891156462587, 'epoch': 0.35}
{'loss': 0.1502, 'grad_norm': 0.1590522974729538, 'learning_rate': 0.00012873469387755102, 'epoch': 0.36}
{'loss': 0.1792, 'grad_norm': 0.13590021431446075, 'learning_rate': 0.0001281904761904762, 'epoch': 0.36}
{'loss': 0.15, 'grad_norm': 0.15057629346847534, 'learning_rate': 0.00012764625850340136, 'epoch': 0.36}
{'loss': 0.1692, 'grad_norm': 0.08085276931524277, 'learning_rate': 0.00012710204081632653, 'epoch': 0.36}
{'loss': 0.1936, 'grad_norm': 0.13304772973060608, 'learning_rate': 0.0001265578231292517, 'epoch': 0.37}
{'loss': 0.1634, 'grad_norm': 0.07989736646413803, 'learning_rate': 0.00012601360544217688, 'epoch': 0.37}
{'loss': 0.1723, 'grad_norm': 0.12022385001182556, 'learning_rate': 0.00012546938775510205, 'epoch': 0.37}
{'loss': 0.1591, 'grad_norm': 0.13583724200725555, 'learning_rate': 0.00012492517006802722, 'epoch': 0.38}
{'loss': 0.1777, 'grad_norm': 0.14428532123565674, 'learning_rate': 0.0001243809523809524, 'epoch': 0.38}
{'loss': 0.1821, 'grad_norm': 0.1452275663614273, 'learning_rate': 0.00012383673469387757, 'epoch': 0.38}
{'loss': 0.1674, 'grad_norm': 0.1074649915099144, 'learning_rate': 0.00012329251700680274, 'epoch': 0.38}
{'loss': 0.1988, 'grad_norm': 0.1641777902841568, 'learning_rate': 0.00012274829931972788, 'epoch': 0.39}
{'loss': 0.174, 'grad_norm': 0.1952606588602066, 'learning_rate': 0.00012220408163265305, 'epoch': 0.39}
{'loss': 0.1578, 'grad_norm': 0.17798306047916412, 'learning_rate': 0.00012165986394557824, 'epoch': 0.39}
{'loss': 0.1668, 'grad_norm': 0.14718574285507202, 'learning_rate': 0.0001211156462585034, 'epoch': 0.39}
{'loss': 0.1772, 'grad_norm': 0.18289940059185028, 'learning_rate': 0.00012057142857142858, 'epoch': 0.4}
{'loss': 0.1727, 'grad_norm': 0.2715117633342743, 'learning_rate': 0.00012002721088435376, 'epoch': 0.4}
{'loss': 0.1628, 'grad_norm': 0.11038541793823242, 'learning_rate': 0.00011948299319727892, 'epoch': 0.4}
{'loss': 0.1535, 'grad_norm': 0.11496125161647797, 'learning_rate': 0.00011893877551020409, 'epoch': 0.41}
{'loss': 0.1739, 'grad_norm': 0.14196394383907318, 'learning_rate': 0.00011839455782312925, 'epoch': 0.41}
{'eval_loss': 0.20313391089439392, 'eval_runtime': 94.8206, 'eval_samples_per_second': 12.655, 'eval_steps_per_second': 12.655, 'epoch': 0.41}
{'loss': 0.1939, 'grad_norm': 0.20304091274738312, 'learning_rate': 0.00011785034013605443, 'epoch': 0.41}
{'loss': 0.1513, 'grad_norm': 0.1972508728504181, 'learning_rate': 0.0001173061224489796, 'epoch': 0.41}
{'loss': 0.185, 'grad_norm': 0.14659300446510315, 'learning_rate': 0.00011676190476190476, 'epoch': 0.42}
{'loss': 0.1748, 'grad_norm': 0.14533792436122894, 'learning_rate': 0.00011621768707482993, 'epoch': 0.42}
{'loss': 0.1735, 'grad_norm': 0.3565703332424164, 'learning_rate': 0.00011567346938775512, 'epoch': 0.42}
{'loss': 0.1632, 'grad_norm': 0.10330218076705933, 'learning_rate': 0.00011512925170068028, 'epoch': 0.42}
{'loss': 0.1765, 'grad_norm': 0.11616601049900055, 'learning_rate': 0.00011458503401360545, 'epoch': 0.43}
{'loss': 0.1619, 'grad_norm': 0.1883198618888855, 'learning_rate': 0.00011404081632653061, 'epoch': 0.43}
{'loss': 0.151, 'grad_norm': 0.16013222932815552, 'learning_rate': 0.00011349659863945578, 'epoch': 0.43}
{'loss': 0.1713, 'grad_norm': 0.11088653653860092, 'learning_rate': 0.00011295238095238097, 'epoch': 0.44}
{'loss': 0.1943, 'grad_norm': 0.08768314123153687, 'learning_rate': 0.00011240816326530613, 'epoch': 0.44}
{'loss': 0.1718, 'grad_norm': 0.15845130383968353, 'learning_rate': 0.0001118639455782313, 'epoch': 0.44}
{'loss': 0.2038, 'grad_norm': 0.10120129585266113, 'learning_rate': 0.00011131972789115648, 'epoch': 0.44}
{'loss': 0.1842, 'grad_norm': 0.14430834352970123, 'learning_rate': 0.00011077551020408163, 'epoch': 0.45}
{'loss': 0.1636, 'grad_norm': 0.16571806371212006, 'learning_rate': 0.00011023129251700681, 'epoch': 0.45}
{'loss': 0.1695, 'grad_norm': 0.15410619974136353, 'learning_rate': 0.00010968707482993197, 'epoch': 0.45}
{'loss': 0.1676, 'grad_norm': 0.18819603323936462, 'learning_rate': 0.00010914285714285715, 'epoch': 0.45}
{'loss': 0.1649, 'grad_norm': 0.1378975659608841, 'learning_rate': 0.00010859863945578233, 'epoch': 0.46}
{'loss': 0.1918, 'grad_norm': 0.15891681611537933, 'learning_rate': 0.00010805442176870748, 'epoch': 0.46}
{'loss': 0.1457, 'grad_norm': 0.08280619978904724, 'learning_rate': 0.00010751020408163266, 'epoch': 0.46}
{'loss': 0.1843, 'grad_norm': 0.0938321128487587, 'learning_rate': 0.00010696598639455783, 'epoch': 0.47}
{'loss': 0.1533, 'grad_norm': 0.082621268928051, 'learning_rate': 0.00010642176870748299, 'epoch': 0.47}
{'loss': 0.1457, 'grad_norm': 0.10713504999876022, 'learning_rate': 0.00010587755102040818, 'epoch': 0.47}
{'loss': 0.1636, 'grad_norm': 0.09822551906108856, 'learning_rate': 0.00010533333333333332, 'epoch': 0.47}
{'loss': 0.1713, 'grad_norm': 0.09248843044042587, 'learning_rate': 0.00010478911564625851, 'epoch': 0.48}
{'eval_loss': 0.1970740258693695, 'eval_runtime': 93.8213, 'eval_samples_per_second': 12.79, 'eval_steps_per_second': 12.79, 'epoch': 0.48}
{'loss': 0.1542, 'grad_norm': 0.2143232524394989, 'learning_rate': 0.00010424489795918368, 'epoch': 0.48}
{'loss': 0.1707, 'grad_norm': 0.1290130317211151, 'learning_rate': 0.00010370068027210884, 'epoch': 0.48}
{'loss': 0.1716, 'grad_norm': 0.27616432309150696, 'learning_rate': 0.00010315646258503403, 'epoch': 0.48}
{'loss': 0.1665, 'grad_norm': 0.12630344927310944, 'learning_rate': 0.0001026122448979592, 'epoch': 0.49}
{'loss': 0.1611, 'grad_norm': 0.15798228979110718, 'learning_rate': 0.00010206802721088436, 'epoch': 0.49}
{'loss': 0.1636, 'grad_norm': 0.1617826223373413, 'learning_rate': 0.00010152380952380953, 'epoch': 0.49}
{'loss': 0.1635, 'grad_norm': 0.2009364515542984, 'learning_rate': 0.00010097959183673469, 'epoch': 0.5}
{'loss': 0.1838, 'grad_norm': 0.09152159094810486, 'learning_rate': 0.00010043537414965987, 'epoch': 0.5}
{'loss': 0.1667, 'grad_norm': 0.2113577127456665, 'learning_rate': 9.989115646258503e-05, 'epoch': 0.5}
{'loss': 0.1626, 'grad_norm': 0.11543291807174683, 'learning_rate': 9.934693877551022e-05, 'epoch': 0.5}
{'loss': 0.1596, 'grad_norm': 0.1241908147931099, 'learning_rate': 9.880272108843538e-05, 'epoch': 0.51}
{'loss': 0.1566, 'grad_norm': 0.09570653736591339, 'learning_rate': 9.825850340136055e-05, 'epoch': 0.51}
{'loss': 0.1539, 'grad_norm': 0.15387338399887085, 'learning_rate': 9.771428571428572e-05, 'epoch': 0.51}
{'loss': 0.1916, 'grad_norm': 0.14799894392490387, 'learning_rate': 9.717006802721089e-05, 'epoch': 0.51}
{'loss': 0.1809, 'grad_norm': 0.14219078421592712, 'learning_rate': 9.662585034013606e-05, 'epoch': 0.52}
{'loss': 0.1692, 'grad_norm': 0.18896766006946564, 'learning_rate': 9.608163265306122e-05, 'epoch': 0.52}
{'loss': 0.1467, 'grad_norm': 0.09994792193174362, 'learning_rate': 9.55374149659864e-05, 'epoch': 0.52}
{'loss': 0.1658, 'grad_norm': 0.10323631018400192, 'learning_rate': 9.499319727891157e-05, 'epoch': 0.53}
{'loss': 0.1741, 'grad_norm': 0.15015852451324463, 'learning_rate': 9.444897959183674e-05, 'epoch': 0.53}
{'loss': 0.1645, 'grad_norm': 0.13207705318927765, 'learning_rate': 9.390476190476191e-05, 'epoch': 0.53}
{'loss': 0.1582, 'grad_norm': 0.15460385382175446, 'learning_rate': 9.336054421768708e-05, 'epoch': 0.53}
{'loss': 0.1573, 'grad_norm': 0.11413845419883728, 'learning_rate': 9.281632653061226e-05, 'epoch': 0.54}
{'loss': 0.145, 'grad_norm': 0.09358192980289459, 'learning_rate': 9.227210884353741e-05, 'epoch': 0.54}
{'loss': 0.1602, 'grad_norm': 0.13755293190479279, 'learning_rate': 9.172789115646259e-05, 'epoch': 0.54}
{'loss': 0.1447, 'grad_norm': 0.1008138656616211, 'learning_rate': 9.118367346938776e-05, 'epoch': 0.54}
{'eval_loss': 0.19149087369441986, 'eval_runtime': 94.1157, 'eval_samples_per_second': 12.75, 'eval_steps_per_second': 12.75, 'epoch': 0.54}
{'loss': 0.1572, 'grad_norm': 0.17521800100803375, 'learning_rate': 9.063945578231293e-05, 'epoch': 0.55}
{'loss': 0.1698, 'grad_norm': 0.12058353424072266, 'learning_rate': 9.00952380952381e-05, 'epoch': 0.55}
{'loss': 0.1715, 'grad_norm': 0.16959385573863983, 'learning_rate': 8.955102040816326e-05, 'epoch': 0.55}
{'loss': 0.1439, 'grad_norm': 0.09068754315376282, 'learning_rate': 8.900680272108845e-05, 'epoch': 0.56}
{'loss': 0.1522, 'grad_norm': 0.09668439626693726, 'learning_rate': 8.84625850340136e-05, 'epoch': 0.56}
{'loss': 0.162, 'grad_norm': 0.06556788831949234, 'learning_rate': 8.791836734693878e-05, 'epoch': 0.56}
{'loss': 0.1572, 'grad_norm': 0.13045059144496918, 'learning_rate': 8.737414965986395e-05, 'epoch': 0.56}
{'loss': 0.1542, 'grad_norm': 0.1284574568271637, 'learning_rate': 8.682993197278912e-05, 'epoch': 0.57}
{'loss': 0.1543, 'grad_norm': 0.20050697028636932, 'learning_rate': 8.62857142857143e-05, 'epoch': 0.57}
{'loss': 0.1854, 'grad_norm': 0.26064789295196533, 'learning_rate': 8.574149659863945e-05, 'epoch': 0.57}
{'loss': 0.1588, 'grad_norm': 0.13448458909988403, 'learning_rate': 8.519727891156462e-05, 'epoch': 0.57}
{'loss': 0.155, 'grad_norm': 0.21197426319122314, 'learning_rate': 8.465306122448981e-05, 'epoch': 0.58}
{'loss': 0.159, 'grad_norm': 0.19454145431518555, 'learning_rate': 8.410884353741497e-05, 'epoch': 0.58}
{'loss': 0.1626, 'grad_norm': 0.11609941720962524, 'learning_rate': 8.356462585034014e-05, 'epoch': 0.58}
{'loss': 0.1644, 'grad_norm': 0.14865881204605103, 'learning_rate': 8.30204081632653e-05, 'epoch': 0.59}
{'loss': 0.1525, 'grad_norm': 0.11652685701847076, 'learning_rate': 8.247619047619049e-05, 'epoch': 0.59}
{'loss': 0.1536, 'grad_norm': 0.17140628397464752, 'learning_rate': 8.193197278911566e-05, 'epoch': 0.59}
{'loss': 0.1552, 'grad_norm': 0.09316809475421906, 'learning_rate': 8.138775510204082e-05, 'epoch': 0.59}
{'loss': 0.1432, 'grad_norm': 0.22480323910713196, 'learning_rate': 8.084353741496599e-05, 'epoch': 0.6}
{'loss': 0.1573, 'grad_norm': 0.1075945496559143, 'learning_rate': 8.029931972789116e-05, 'epoch': 0.6}
{'loss': 0.1558, 'grad_norm': 0.13096983730793, 'learning_rate': 7.975510204081633e-05, 'epoch': 0.6}
{'loss': 0.1446, 'grad_norm': 0.11416087299585342, 'learning_rate': 7.92108843537415e-05, 'epoch': 0.6}
{'loss': 0.1472, 'grad_norm': 0.18126808106899261, 'learning_rate': 7.866666666666666e-05, 'epoch': 0.61}
{'loss': 0.172, 'grad_norm': 0.2100515216588974, 'learning_rate': 7.812244897959185e-05, 'epoch': 0.61}
{'loss': 0.1727, 'grad_norm': 0.3494212031364441, 'learning_rate': 7.757823129251701e-05, 'epoch': 0.61}
{'eval_loss': 0.18610058724880219, 'eval_runtime': 94.5887, 'eval_samples_per_second': 12.687, 'eval_steps_per_second': 12.687, 'epoch': 0.61}
{'loss': 0.1668, 'grad_norm': 0.28245165944099426, 'learning_rate': 7.703401360544218e-05, 'epoch': 0.61}
{'loss': 0.1704, 'grad_norm': 0.1332545429468155, 'learning_rate': 7.648979591836735e-05, 'epoch': 0.62}
{'loss': 0.162, 'grad_norm': 0.14482757449150085, 'learning_rate': 7.594557823129252e-05, 'epoch': 0.62}
{'loss': 0.1357, 'grad_norm': 0.06063701957464218, 'learning_rate': 7.54013605442177e-05, 'epoch': 0.62}
{'loss': 0.1645, 'grad_norm': 0.23614045977592468, 'learning_rate': 7.485714285714285e-05, 'epoch': 0.63}
{'loss': 0.1655, 'grad_norm': 0.10698133707046509, 'learning_rate': 7.431292517006803e-05, 'epoch': 0.63}
{'loss': 0.153, 'grad_norm': 0.22553938627243042, 'learning_rate': 7.37687074829932e-05, 'epoch': 0.63}
{'loss': 0.1489, 'grad_norm': 0.11508016288280487, 'learning_rate': 7.322448979591837e-05, 'epoch': 0.63}
{'loss': 0.1532, 'grad_norm': 0.12986433506011963, 'learning_rate': 7.268027210884354e-05, 'epoch': 0.64}
{'loss': 0.1475, 'grad_norm': 0.17143608629703522, 'learning_rate': 7.21360544217687e-05, 'epoch': 0.64}
{'loss': 0.1594, 'grad_norm': 0.1568334847688675, 'learning_rate': 7.159183673469389e-05, 'epoch': 0.64}
{'loss': 0.1523, 'grad_norm': 0.1994033008813858, 'learning_rate': 7.104761904761905e-05, 'epoch': 0.64}
{'loss': 0.162, 'grad_norm': 0.12492731958627701, 'learning_rate': 7.050340136054422e-05, 'epoch': 0.65}
{'loss': 0.1543, 'grad_norm': 0.21423016488552094, 'learning_rate': 6.995918367346939e-05, 'epoch': 0.65}
{'loss': 0.1559, 'grad_norm': 0.125075563788414, 'learning_rate': 6.941496598639456e-05, 'epoch': 0.65}
{'loss': 0.1483, 'grad_norm': 0.10204211622476578, 'learning_rate': 6.887074829931973e-05, 'epoch': 0.66}
{'loss': 0.1359, 'grad_norm': 0.10764463990926743, 'learning_rate': 6.83265306122449e-05, 'epoch': 0.66}
{'loss': 0.1667, 'grad_norm': 0.15010017156600952, 'learning_rate': 6.778231292517007e-05, 'epoch': 0.66}
{'loss': 0.1438, 'grad_norm': 0.07416912168264389, 'learning_rate': 6.723809523809524e-05, 'epoch': 0.66}
{'loss': 0.1561, 'grad_norm': 0.12711967527866364, 'learning_rate': 6.669387755102041e-05, 'epoch': 0.67}
{'loss': 0.1513, 'grad_norm': 0.13066929578781128, 'learning_rate': 6.614965986394558e-05, 'epoch': 0.67}
{'loss': 0.1455, 'grad_norm': 0.15365946292877197, 'learning_rate': 6.560544217687074e-05, 'epoch': 0.67}
{'loss': 0.1607, 'grad_norm': 0.2190144956111908, 'learning_rate': 6.506122448979593e-05, 'epoch': 0.67}
{'loss': 0.1586, 'grad_norm': 0.14728747308254242, 'learning_rate': 6.451700680272108e-05, 'epoch': 0.68}
{'loss': 0.154, 'grad_norm': 0.09382857382297516, 'learning_rate': 6.397278911564626e-05, 'epoch': 0.68}
{'eval_loss': 0.17981940507888794, 'eval_runtime': 94.8063, 'eval_samples_per_second': 12.657, 'eval_steps_per_second': 12.657, 'epoch': 0.68}
{'loss': 0.1491, 'grad_norm': 0.13304609060287476, 'learning_rate': 6.342857142857143e-05, 'epoch': 0.68}
{'loss': 0.1517, 'grad_norm': 0.23283596336841583, 'learning_rate': 6.28843537414966e-05, 'epoch': 0.69}
{'loss': 0.1506, 'grad_norm': 0.11414440721273422, 'learning_rate': 6.234013605442177e-05, 'epoch': 0.69}
{'loss': 0.1416, 'grad_norm': 0.10635727643966675, 'learning_rate': 6.179591836734693e-05, 'epoch': 0.69}
{'loss': 0.1441, 'grad_norm': 0.09638775140047073, 'learning_rate': 6.125170068027212e-05, 'epoch': 0.69}
{'loss': 0.1449, 'grad_norm': 0.17009040713310242, 'learning_rate': 6.070748299319728e-05, 'epoch': 0.7}
{'loss': 0.1423, 'grad_norm': 0.08423808217048645, 'learning_rate': 6.016326530612245e-05, 'epoch': 0.7}
{'loss': 0.1418, 'grad_norm': 0.11840448528528214, 'learning_rate': 5.961904761904762e-05, 'epoch': 0.7}
{'loss': 0.1619, 'grad_norm': 0.11411180347204208, 'learning_rate': 5.90748299319728e-05, 'epoch': 0.7}
{'loss': 0.1481, 'grad_norm': 0.0699317678809166, 'learning_rate': 5.8530612244897965e-05, 'epoch': 0.71}
{'loss': 0.1464, 'grad_norm': 0.14124256372451782, 'learning_rate': 5.798639455782313e-05, 'epoch': 0.71}
{'loss': 0.1561, 'grad_norm': 0.10039176046848297, 'learning_rate': 5.7442176870748296e-05, 'epoch': 0.71}
{'loss': 0.1511, 'grad_norm': 0.13870881497859955, 'learning_rate': 5.6897959183673475e-05, 'epoch': 0.72}
{'loss': 0.15, 'grad_norm': 0.11824043095111847, 'learning_rate': 5.635374149659865e-05, 'epoch': 0.72}
{'loss': 0.149, 'grad_norm': 0.1949080228805542, 'learning_rate': 5.580952380952381e-05, 'epoch': 0.72}
{'loss': 0.1649, 'grad_norm': 0.21433115005493164, 'learning_rate': 5.526530612244898e-05, 'epoch': 0.72}
{'loss': 0.1431, 'grad_norm': 0.15511415898799896, 'learning_rate': 5.4721088435374156e-05, 'epoch': 0.73}
{'loss': 0.1675, 'grad_norm': 0.18006980419158936, 'learning_rate': 5.417687074829932e-05, 'epoch': 0.73}
{'loss': 0.137, 'grad_norm': 0.12654174864292145, 'learning_rate': 5.3632653061224494e-05, 'epoch': 0.73}
{'loss': 0.1636, 'grad_norm': 0.23925630748271942, 'learning_rate': 5.308843537414966e-05, 'epoch': 0.73}
{'loss': 0.1439, 'grad_norm': 0.1465400755405426, 'learning_rate': 5.254421768707484e-05, 'epoch': 0.74}
{'loss': 0.1713, 'grad_norm': 0.14973683655261993, 'learning_rate': 5.2000000000000004e-05, 'epoch': 0.74}
{'loss': 0.1482, 'grad_norm': 0.12200357764959335, 'learning_rate': 5.145578231292517e-05, 'epoch': 0.74}
{'loss': 0.1631, 'grad_norm': 0.18656088411808014, 'learning_rate': 5.091156462585034e-05, 'epoch': 0.75}
{'loss': 0.1469, 'grad_norm': 0.11410549283027649, 'learning_rate': 5.036734693877552e-05, 'epoch': 0.75}
{'eval_loss': 0.1742965131998062, 'eval_runtime': 94.5205, 'eval_samples_per_second': 12.696, 'eval_steps_per_second': 12.696, 'epoch': 0.75}
{'loss': 0.1387, 'grad_norm': 0.20529507100582123, 'learning_rate': 4.9823129251700685e-05, 'epoch': 0.75}
{'loss': 0.1509, 'grad_norm': 0.12204134464263916, 'learning_rate': 4.927891156462585e-05, 'epoch': 0.75}
{'loss': 0.1383, 'grad_norm': 0.19684743881225586, 'learning_rate': 4.873469387755102e-05, 'epoch': 0.76}
{'loss': 0.1434, 'grad_norm': 0.19757124781608582, 'learning_rate': 4.819047619047619e-05, 'epoch': 0.76}
{'loss': 0.1345, 'grad_norm': 0.17728948593139648, 'learning_rate': 4.764625850340137e-05, 'epoch': 0.76}
{'loss': 0.1321, 'grad_norm': 0.17252929508686066, 'learning_rate': 4.710204081632653e-05, 'epoch': 0.76}
{'loss': 0.1368, 'grad_norm': 0.05796445161104202, 'learning_rate': 4.6557823129251705e-05, 'epoch': 0.77}
{'loss': 0.1673, 'grad_norm': 0.25166022777557373, 'learning_rate': 4.601360544217687e-05, 'epoch': 0.77}
{'loss': 0.1459, 'grad_norm': 0.1658032387495041, 'learning_rate': 4.546938775510204e-05, 'epoch': 0.77}
{'loss': 0.1356, 'grad_norm': 0.4187723696231842, 'learning_rate': 4.4925170068027214e-05, 'epoch': 0.78}
{'loss': 0.1466, 'grad_norm': 0.18832692503929138, 'learning_rate': 4.4380952380952386e-05, 'epoch': 0.78}
{'loss': 0.147, 'grad_norm': 0.1412147581577301, 'learning_rate': 4.383673469387755e-05, 'epoch': 0.78}
{'loss': 0.1377, 'grad_norm': 0.10546814650297165, 'learning_rate': 4.3292517006802724e-05, 'epoch': 0.78}
{'loss': 0.1515, 'grad_norm': 0.1785409152507782, 'learning_rate': 4.274829931972789e-05, 'epoch': 0.79}
{'loss': 0.1275, 'grad_norm': 0.09984762221574783, 'learning_rate': 4.220408163265306e-05, 'epoch': 0.79}
{'loss': 0.1478, 'grad_norm': 0.18737366795539856, 'learning_rate': 4.1659863945578234e-05, 'epoch': 0.79}
{'loss': 0.1348, 'grad_norm': 0.13923592865467072, 'learning_rate': 4.1115646258503406e-05, 'epoch': 0.79}
{'loss': 0.1473, 'grad_norm': 0.2126931995153427, 'learning_rate': 4.057142857142857e-05, 'epoch': 0.8}
{'loss': 0.1494, 'grad_norm': 0.13488195836544037, 'learning_rate': 4.002721088435374e-05, 'epoch': 0.8}
{'loss': 0.1438, 'grad_norm': 0.1633501797914505, 'learning_rate': 3.948299319727891e-05, 'epoch': 0.8}
{'loss': 0.1425, 'grad_norm': 0.09082932770252228, 'learning_rate': 3.893877551020408e-05, 'epoch': 0.81}
{'loss': 0.1409, 'grad_norm': 0.1843397319316864, 'learning_rate': 3.839455782312925e-05, 'epoch': 0.81}
{'loss': 0.1483, 'grad_norm': 0.06878530979156494, 'learning_rate': 3.7850340136054425e-05, 'epoch': 0.81}
{'loss': 0.1596, 'grad_norm': 0.34999579191207886, 'learning_rate': 3.730612244897959e-05, 'epoch': 0.81}
{'loss': 0.1295, 'grad_norm': 0.11960723251104355, 'learning_rate': 3.676190476190476e-05, 'epoch': 0.82}
{'eval_loss': 0.1678328961133957, 'eval_runtime': 94.6491, 'eval_samples_per_second': 12.678, 'eval_steps_per_second': 12.678, 'epoch': 0.82}
{'loss': 0.1502, 'grad_norm': 0.097398541867733, 'learning_rate': 3.621768707482993e-05, 'epoch': 0.82}
{'loss': 0.1439, 'grad_norm': 0.20351696014404297, 'learning_rate': 3.567346938775511e-05, 'epoch': 0.82}
{'loss': 0.1459, 'grad_norm': 0.1902238428592682, 'learning_rate': 3.512925170068027e-05, 'epoch': 0.82}
{'loss': 0.1385, 'grad_norm': 0.2185494601726532, 'learning_rate': 3.4585034013605444e-05, 'epoch': 0.83}
{'loss': 0.1519, 'grad_norm': 0.22807210683822632, 'learning_rate': 3.404081632653061e-05, 'epoch': 0.83}
{'loss': 0.1581, 'grad_norm': 0.2285154014825821, 'learning_rate': 3.349659863945578e-05, 'epoch': 0.83}
{'loss': 0.1346, 'grad_norm': 0.16262605786323547, 'learning_rate': 3.2952380952380954e-05, 'epoch': 0.84}
{'loss': 0.1405, 'grad_norm': 0.13806577026844025, 'learning_rate': 3.2408163265306126e-05, 'epoch': 0.84}
{'loss': 0.1504, 'grad_norm': 0.22251801192760468, 'learning_rate': 3.18639455782313e-05, 'epoch': 0.84}
{'loss': 0.1408, 'grad_norm': 0.3673226237297058, 'learning_rate': 3.1319727891156464e-05, 'epoch': 0.84}
{'loss': 0.1627, 'grad_norm': 0.20602773129940033, 'learning_rate': 3.0775510204081636e-05, 'epoch': 0.85}
{'loss': 0.1549, 'grad_norm': 0.23198555409908295, 'learning_rate': 3.0231292517006805e-05, 'epoch': 0.85}
{'loss': 0.1322, 'grad_norm': 0.09317605197429657, 'learning_rate': 2.9687074829931977e-05, 'epoch': 0.85}
{'loss': 0.1453, 'grad_norm': 0.18834148347377777, 'learning_rate': 2.9142857142857146e-05, 'epoch': 0.85}
{'loss': 0.134, 'grad_norm': 0.20224080979824066, 'learning_rate': 2.8598639455782318e-05, 'epoch': 0.86}
{'loss': 0.1445, 'grad_norm': 0.3100390136241913, 'learning_rate': 2.8054421768707483e-05, 'epoch': 0.86}
{'loss': 0.1409, 'grad_norm': 0.1138131320476532, 'learning_rate': 2.7510204081632655e-05, 'epoch': 0.86}
{'loss': 0.1312, 'grad_norm': 0.12972480058670044, 'learning_rate': 2.6965986394557824e-05, 'epoch': 0.87}
{'loss': 0.14, 'grad_norm': 0.17472876608371735, 'learning_rate': 2.6421768707482996e-05, 'epoch': 0.87}
{'loss': 0.1492, 'grad_norm': 0.20682254433631897, 'learning_rate': 2.5877551020408165e-05, 'epoch': 0.87}
{'loss': 0.1473, 'grad_norm': 0.2765614688396454, 'learning_rate': 2.5333333333333337e-05, 'epoch': 0.87}
{'loss': 0.1345, 'grad_norm': 0.12405441701412201, 'learning_rate': 2.4789115646258502e-05, 'epoch': 0.88}
{'loss': 0.141, 'grad_norm': 0.21195244789123535, 'learning_rate': 2.4244897959183674e-05, 'epoch': 0.88}
{'loss': 0.156, 'grad_norm': 0.26118698716163635, 'learning_rate': 2.3700680272108843e-05, 'epoch': 0.88}
{'loss': 0.1442, 'grad_norm': 0.21334344148635864, 'learning_rate': 2.3156462585034015e-05, 'epoch': 0.88}
{'eval_loss': 0.16198378801345825, 'eval_runtime': 94.7208, 'eval_samples_per_second': 12.669, 'eval_steps_per_second': 12.669, 'epoch': 0.88}
{'loss': 0.1457, 'grad_norm': 0.161474347114563, 'learning_rate': 2.2612244897959184e-05, 'epoch': 0.89}
{'loss': 0.141, 'grad_norm': 0.16637960076332092, 'learning_rate': 2.2068027210884353e-05, 'epoch': 0.89}
{'loss': 0.1348, 'grad_norm': 0.1829327642917633, 'learning_rate': 2.1523809523809525e-05, 'epoch': 0.89}
{'loss': 0.1402, 'grad_norm': 0.09621716290712357, 'learning_rate': 2.0979591836734694e-05, 'epoch': 0.9}
{'loss': 0.1356, 'grad_norm': 0.20642469823360443, 'learning_rate': 2.0435374149659863e-05, 'epoch': 0.9}
{'loss': 0.1381, 'grad_norm': 0.15751756727695465, 'learning_rate': 1.9891156462585035e-05, 'epoch': 0.9}
{'loss': 0.1393, 'grad_norm': 0.17673467099666595, 'learning_rate': 1.9346938775510203e-05, 'epoch': 0.9}
{'loss': 0.1438, 'grad_norm': 0.13740219175815582, 'learning_rate': 1.8802721088435372e-05, 'epoch': 0.91}
{'loss': 0.1427, 'grad_norm': 0.0694579929113388, 'learning_rate': 1.8258503401360544e-05, 'epoch': 0.91}
{'loss': 0.1385, 'grad_norm': 0.14410905539989471, 'learning_rate': 1.7714285714285713e-05, 'epoch': 0.91}
{'loss': 0.1351, 'grad_norm': 0.3367766737937927, 'learning_rate': 1.7170068027210885e-05, 'epoch': 0.91}
{'loss': 0.1467, 'grad_norm': 0.13285063207149506, 'learning_rate': 1.6625850340136057e-05, 'epoch': 0.92}
{'loss': 0.1412, 'grad_norm': 0.2518014907836914, 'learning_rate': 1.6081632653061226e-05, 'epoch': 0.92}
{'loss': 0.1196, 'grad_norm': 0.18272414803504944, 'learning_rate': 1.5537414965986395e-05, 'epoch': 0.92}
{'loss': 0.1599, 'grad_norm': 0.203374445438385, 'learning_rate': 1.4993197278911567e-05, 'epoch': 0.93}
{'loss': 0.131, 'grad_norm': 0.12297571450471878, 'learning_rate': 1.4448979591836736e-05, 'epoch': 0.93}
{'loss': 0.1479, 'grad_norm': 0.22854362428188324, 'learning_rate': 1.3904761904761906e-05, 'epoch': 0.93}
{'loss': 0.1398, 'grad_norm': 0.1269160956144333, 'learning_rate': 1.3360544217687077e-05, 'epoch': 0.93}
{'loss': 0.1285, 'grad_norm': 0.1907583475112915, 'learning_rate': 1.2816326530612247e-05, 'epoch': 0.94}
{'loss': 0.1505, 'grad_norm': 0.40012580156326294, 'learning_rate': 1.2272108843537416e-05, 'epoch': 0.94}
{'loss': 0.1271, 'grad_norm': 0.17436960339546204, 'learning_rate': 1.1727891156462585e-05, 'epoch': 0.94}
{'loss': 0.1483, 'grad_norm': 0.20504146814346313, 'learning_rate': 1.1183673469387755e-05, 'epoch': 0.94}
{'loss': 0.1516, 'grad_norm': 0.21020017564296722, 'learning_rate': 1.0639455782312926e-05, 'epoch': 0.95}
{'loss': 0.1529, 'grad_norm': 0.18814469873905182, 'learning_rate': 1.0095238095238094e-05, 'epoch': 0.95}
{'loss': 0.1354, 'grad_norm': 0.20737744867801666, 'learning_rate': 9.551020408163265e-06, 'epoch': 0.95}
{'eval_loss': 0.15866784751415253, 'eval_runtime': 95.2109, 'eval_samples_per_second': 12.604, 'eval_steps_per_second': 12.604, 'epoch': 0.95}
{'loss': 0.1474, 'grad_norm': 0.16313739120960236, 'learning_rate': 9.006802721088437e-06, 'epoch': 0.96}
{'loss': 0.1455, 'grad_norm': 0.35283273458480835, 'learning_rate': 8.462585034013606e-06, 'epoch': 0.96}
{'loss': 0.1478, 'grad_norm': 0.16572387516498566, 'learning_rate': 7.918367346938776e-06, 'epoch': 0.96}
{'loss': 0.1414, 'grad_norm': 0.15161514282226562, 'learning_rate': 7.374149659863947e-06, 'epoch': 0.96}
{'loss': 0.1469, 'grad_norm': 0.19611093401908875, 'learning_rate': 6.829931972789116e-06, 'epoch': 0.97}
{'loss': 0.1475, 'grad_norm': 0.11007781326770782, 'learning_rate': 6.285714285714287e-06, 'epoch': 0.97}
{'loss': 0.1461, 'grad_norm': 0.11740388721227646, 'learning_rate': 5.741496598639455e-06, 'epoch': 0.97}
{'loss': 0.1276, 'grad_norm': 0.13587528467178345, 'learning_rate': 5.197278911564627e-06, 'epoch': 0.97}
{'loss': 0.1332, 'grad_norm': 0.40014001727104187, 'learning_rate': 4.653061224489796e-06, 'epoch': 0.98}
{'loss': 0.1249, 'grad_norm': 0.09557420760393143, 'learning_rate': 4.108843537414967e-06, 'epoch': 0.98}
{'loss': 0.1414, 'grad_norm': 0.2359256148338318, 'learning_rate': 3.5646258503401363e-06, 'epoch': 0.98}
{'loss': 0.1516, 'grad_norm': 0.3123679757118225, 'learning_rate': 3.0204081632653064e-06, 'epoch': 0.99}
{'loss': 0.1345, 'grad_norm': 0.09685799479484558, 'learning_rate': 2.4761904761904764e-06, 'epoch': 0.99}
{'loss': 0.1461, 'grad_norm': 0.24764400720596313, 'learning_rate': 1.9319727891156464e-06, 'epoch': 0.99}
{'loss': 0.1433, 'grad_norm': 0.27952829003334045, 'learning_rate': 1.3877551020408165e-06, 'epoch': 0.99}
{'loss': 0.1286, 'grad_norm': 0.18417944014072418, 'learning_rate': 8.435374149659864e-07, 'epoch': 1.0}
{'loss': 0.1343, 'grad_norm': 0.14123553037643433, 'learning_rate': 2.993197278911565e-07, 'epoch': 1.0}
{'train_runtime': 13947.1397, 'train_samples_per_second': 4.216, 'train_steps_per_second': 0.527, 'train_loss': 0.17369749740678436, 'epoch': 1.0}
Finished at:
Wed Feb 18 13:50:26 CET 2026
